<?xml version="1.0" encoding="UTF-8"?>
<!-- Generated by org.testng.reporters.JUnitReportReporter -->
<testsuite hostname="CHDSEZ578256L" failures="0" tests="3" name="com.FDdetail.testscenario.CredentialTest" time="24.397" errors="0" timestamp="2023-07-12T11:43:03 IST" skipped="0">
  <testcase classname="com.FDdetail.testscenario.CredentialTest" name="CredentialTest" time="10.083"/>
  <system-out/>
  <testcase classname="com.FDdetail.testscenario.CredentialTest" name="printingAccountDetails" time="5.216"/>
  <system-out/>
  <testcase classname="com.FDdetail.testscenario.CredentialTest" name="creatingNewAcc" time="9.098"/>
  <system-out/>
</testsuite> <!-- com.FDdetail.testscenario.CredentialTest -->
